SF:lib\main.dart
DA:6,0
DA:7,0
DA:11,0
DA:13,0
DA:15,0
DA:17,0
LF:6
LH:0
end_of_record
SF:lib\home.dart
DA:4,0
DA:6,0
DA:7,0
DA:14,0
DA:15,0
DA:16,0
DA:17,0
DA:21,0
DA:22,0
DA:23,0
DA:24,0
DA:28,0
DA:29,0
DA:30,0
DA:31,0
DA:35,0
DA:36,0
DA:37,0
DA:38,0
DA:41,0
DA:43,0
DA:45,0
DA:51,0
DA:52,0
DA:53,0
DA:54,0
DA:55,0
DA:56,0
DA:58,0
DA:59,0
DA:60,0
DA:62,0
DA:68,0
DA:69,0
DA:70,0
DA:76,0
DA:77,0
DA:79,0
DA:80,0
DA:95,0
DA:96,0
DA:98,0
DA:105,0
DA:106,0
DA:107,0
DA:109,0
DA:110,0
DA:125,0
DA:126,0
DA:128,0
DA:135,0
DA:136,0
DA:137,0
DA:139,0
DA:140,0
DA:155,0
DA:156,0
DA:158,0
DA:165,0
DA:166,0
DA:167,0
DA:169,0
DA:170,0
DA:185,0
DA:186,0
DA:188,0
DA:195,0
DA:199,0
DA:201,0
DA:203,0
DA:204,0
DA:209,0
DA:210,0
DA:212,0
DA:213,0
DA:214,0
DA:216,0
DA:222,0
DA:223,0
DA:224,0
DA:230,0
DA:231,0
DA:233,0
DA:234,0
DA:249,0
DA:250,0
DA:252,0
DA:259,0
DA:260,0
DA:261,0
DA:263,0
DA:264,0
DA:279,0
DA:280,0
DA:282,0
DA:289,0
DA:290,0
DA:291,0
DA:293,0
DA:294,0
DA:309,0
DA:311,0
DA:313,0
DA:320,0
DA:321,0
DA:322,0
DA:324,0
DA:325,0
DA:340,0
DA:341,0
DA:343,0
DA:350,0
DA:354,0
DA:357,0
DA:358,0
DA:360,0
DA:361,0
DA:371,0
DA:372,0
DA:373,0
DA:376,0
DA:379,0
DA:380,0
DA:381,0
DA:387,0
DA:388,0
DA:391,0
DA:394,0
DA:395,0
DA:396,0
DA:403,0
DA:406,0
DA:409,0
DA:410,0
DA:411,0
DA:419,0
DA:421,0
DA:431,0
DA:434,0
DA:435,0
DA:436,0
DA:437,0
DA:442,0
DA:444,0
LF:144
LH:0
end_of_record
